#! /c/iverilog/bin/vvp
:ivl_version "0.9.7 " "(v0_9_7)";
:vpi_time_precision - 9;
:vpi_module "system";
:vpi_module "v2005_math";
:vpi_module "va_math";
S_00EA7A40 .scope module, "xor_tb" "xor_tb" 2 3;
 .timescale -9 -9;
v00EA4548_0 .var "a", 0 0;
v00EA45A0_0 .var "b", 0 0;
v00EAEED0_0 .net "y", 0 0, L_00EA45F8; 1 drivers
S_00EA7AC8 .scope module, "dut" "xor_gate_df" 2 6, 3 2, S_00EA7A40;
 .timescale -9 -9;
L_00EA45F8 .functor XOR 1, v00EA4548_0, v00EA45A0_0, C4<0>, C4<0>;
v00EA44F0_0 .net "a", 0 0, v00EA4548_0; 1 drivers
v00EA8500_0 .net "b", 0 0, v00EA45A0_0; 1 drivers
v00EA8558_0 .alias "y", 0 0, v00EAEED0_0;
    .scope S_00EA7A40;
T_0 ;
    %vpi_call 2 9 "$dumpfile", "waveform.vcd";
    %vpi_call 2 10 "$dumpvars", 1'sb0, S_00EA7A40;
    %vpi_call 2 12 "$monitor", "time=%0t INPUT: a=%b b=%b OUTPUT: y=%b", $time, v00EA4548_0, v00EA45A0_0, v00EAEED0_0;
    %set/v v00EA4548_0, 0, 1;
    %set/v v00EA45A0_0, 0, 1;
    %delay 10, 0;
    %set/v v00EA4548_0, 0, 1;
    %set/v v00EA45A0_0, 1, 1;
    %delay 10, 0;
    %set/v v00EA4548_0, 1, 1;
    %set/v v00EA45A0_0, 0, 1;
    %delay 10, 0;
    %set/v v00EA4548_0, 1, 1;
    %set/v v00EA45A0_0, 1, 1;
    %delay 50, 0;
    %vpi_call 2 19 "$finish";
    %end;
    .thread T_0;
# The file index is used to find the file name in the following table.
:file_names 4;
    "N/A";
    "<interactive>";
    "xor_testbench.v";
    "xor_dataflow.v";
